<?xml version="1.0" encoding="UTF-8"?>
<testng-results ignored="0" total="4" passed="4" failed="0" skipped="0">
  <reporter-output>
  </reporter-output>
  <suite started-at="2018-07-26T02:24:17Z" name="Default suite" finished-at="2018-07-26T02:24:57Z" duration-ms="40111">
    <groups>
    </groups>
    <test started-at="2018-07-26T02:24:17Z" name="Default test" finished-at="2018-07-26T02:24:57Z" duration-ms="40111">
      <class name="whenIWork.TestLoginAndSchedule">
        <test-method is-config="true" signature="beforeScenario()[pri:0, instance:whenIWork.TestLoginAndSchedule@2c35e847]" started-at="2018-07-26T02:24:17Z" name="beforeScenario" finished-at="2018-07-26T02:24:19Z" duration-ms="2523" status="PASS">
          <reporter-output>
          </reporter-output>
        </test-method> <!-- beforeScenario -->
        <test-method signature="checkLoginTitle()[pri:0, instance:whenIWork.TestLoginAndSchedule@2c35e847]" started-at="2018-07-26T02:24:19Z" name="checkLoginTitle" finished-at="2018-07-26T02:24:22Z" duration-ms="3186" status="PASS">
          <reporter-output>
          </reporter-output>
        </test-method> <!-- checkLoginTitle -->
        <test-method is-config="true" signature="afterScenario()[pri:0, instance:whenIWork.TestLoginAndSchedule@2c35e847]" started-at="2018-07-26T02:24:22Z" name="afterScenario" finished-at="2018-07-26T02:24:23Z" duration-ms="681" status="PASS">
          <reporter-output>
          </reporter-output>
        </test-method> <!-- afterScenario -->
        <test-method is-config="true" signature="beforeScenario()[pri:0, instance:whenIWork.TestLoginAndSchedule@2c35e847]" started-at="2018-07-26T02:24:23Z" name="beforeScenario" finished-at="2018-07-26T02:24:25Z" duration-ms="2030" status="PASS">
          <reporter-output>
          </reporter-output>
        </test-method> <!-- beforeScenario -->
        <test-method signature="loginCorrectCredentials()[pri:0, instance:whenIWork.TestLoginAndSchedule@2c35e847]" started-at="2018-07-26T02:24:25Z" name="loginCorrectCredentials" finished-at="2018-07-26T02:24:33Z" duration-ms="7705" status="PASS">
          <reporter-output>
          </reporter-output>
        </test-method> <!-- loginCorrectCredentials -->
        <test-method is-config="true" signature="afterScenario()[pri:0, instance:whenIWork.TestLoginAndSchedule@2c35e847]" started-at="2018-07-26T02:24:33Z" name="afterScenario" finished-at="2018-07-26T02:24:34Z" duration-ms="718" status="PASS">
          <reporter-output>
          </reporter-output>
        </test-method> <!-- afterScenario -->
        <test-method is-config="true" signature="beforeScenario()[pri:0, instance:whenIWork.TestLoginAndSchedule@2c35e847]" started-at="2018-07-26T02:24:34Z" name="beforeScenario" finished-at="2018-07-26T02:24:36Z" duration-ms="2180" status="PASS">
          <reporter-output>
          </reporter-output>
        </test-method> <!-- beforeScenario -->
        <test-method signature="loginFaultyCredentials()[pri:0, instance:whenIWork.TestLoginAndSchedule@2c35e847]" started-at="2018-07-26T02:24:36Z" name="loginFaultyCredentials" finished-at="2018-07-26T02:24:40Z" duration-ms="3847" status="PASS">
          <reporter-output>
          </reporter-output>
        </test-method> <!-- loginFaultyCredentials -->
        <test-method is-config="true" signature="afterScenario()[pri:0, instance:whenIWork.TestLoginAndSchedule@2c35e847]" started-at="2018-07-26T02:24:40Z" name="afterScenario" finished-at="2018-07-26T02:24:40Z" duration-ms="691" status="PASS">
          <reporter-output>
          </reporter-output>
        </test-method> <!-- afterScenario -->
        <test-method is-config="true" signature="beforeScenario()[pri:0, instance:whenIWork.TestLoginAndSchedule@2c35e847]" started-at="2018-07-26T02:24:40Z" name="beforeScenario" finished-at="2018-07-26T02:24:42Z" duration-ms="1981" status="PASS">
          <reporter-output>
          </reporter-output>
        </test-method> <!-- beforeScenario -->
        <test-method signature="viewMySchedule()[pri:0, instance:whenIWork.TestLoginAndSchedule@2c35e847]" started-at="2018-07-26T02:24:42Z" name="viewMySchedule" finished-at="2018-07-26T02:24:56Z" duration-ms="13835" status="PASS">
          <reporter-output>
          </reporter-output>
        </test-method> <!-- viewMySchedule -->
        <test-method is-config="true" signature="afterScenario()[pri:0, instance:whenIWork.TestLoginAndSchedule@2c35e847]" started-at="2018-07-26T02:24:56Z" name="afterScenario" finished-at="2018-07-26T02:24:57Z" duration-ms="705" status="PASS">
          <reporter-output>
          </reporter-output>
        </test-method> <!-- afterScenario -->
      </class> <!-- whenIWork.TestLoginAndSchedule -->
    </test> <!-- Default test -->
  </suite> <!-- Default suite -->
</testng-results>
