<?xml version="1.0" encoding="UTF-8"?>
<!-- Generated by org.testng.reporters.JUnitXMLReporter -->
<testsuite ignored="3" hostname="DESKTOP-KNGBJCJ" failures="0" tests="1" name="Default test" time="15.663" errors="0" timestamp="26 Jul 2018 00:58:30 GMT">
  <testcase classname="whenIWork.TestLogin" name="viewMySchedule" time="12.127"/>
  <testcase classname="whenIWork.TestLogin" name="checkLoginTitle" time="0.0">
    <ignored/>
  </testcase> <!-- checkLoginTitle -->
  <testcase classname="whenIWork.TestLogin" name="loginFaultyCredentials" time="0.0">
    <ignored/>
  </testcase> <!-- loginFaultyCredentials -->
  <testcase classname="whenIWork.TestLogin" name="loginCorrectCredentials" time="0.0">
    <ignored/>
  </testcase> <!-- loginCorrectCredentials -->
</testsuite> <!-- Default test -->
