<?xml version="1.0" encoding="UTF-8"?>
<!-- Generated by org.testng.reporters.JUnitXMLReporter -->
<testsuite ignored="0" hostname="DESKTOP-KNGBJCJ" failures="0" tests="4" name="Default test" time="49.009" errors="0" timestamp="26 Jul 2018 03:05:14 GMT">
  <testcase classname="whenIWork.TestLoginAndSchedule" name="checkLoginTitle" time="4.348"/>
  <testcase classname="whenIWork.TestLoginAndSchedule" name="loginCorrectCredentials" time="8.496"/>
  <testcase classname="whenIWork.TestLoginAndSchedule" name="loginFaultyCredentials" time="4.533"/>
  <testcase classname="whenIWork.TestLoginAndSchedule" name="viewMySchedule" time="18.182"/>
</testsuite> <!-- Default test -->
